2024-11-30T12:23:35.113+01:00  INFO 13984 --- [g-40-shop] [main] de.ait_tr.g_40_shop.G40ShopApplication   : Starting G40ShopApplication using Java 17.0.5 with PID 13984 (C:\Users\EvgenyJava\g-40-shop\target\classes started by mailf in C:\Users\EvgenyJava\g-40-shop)
2024-11-30T12:23:35.116+01:00  INFO 13984 --- [g-40-shop] [main] de.ait_tr.g_40_shop.G40ShopApplication   : No active profile set, falling back to 1 default profile: "default"
2024-11-30T12:23:35.903+01:00  INFO 13984 --- [g-40-shop] [main] .s.d.r.c.RepositoryConfigurationDelegate : Bootstrapping Spring Data JPA repositories in DEFAULT mode.
2024-11-30T12:23:35.975+01:00  INFO 13984 --- [g-40-shop] [main] .s.d.r.c.RepositoryConfigurationDelegate : Finished Spring Data repository scanning in 66 ms. Found 3 JPA repository interfaces.
2024-11-30T12:23:36.681+01:00  INFO 13984 --- [g-40-shop] [main] o.s.b.w.embedded.tomcat.TomcatWebServer  : Tomcat initialized with port 8080 (http)
2024-11-30T12:23:36.696+01:00  INFO 13984 --- [g-40-shop] [main] o.apache.catalina.core.StandardService   : Starting service [Tomcat]
2024-11-30T12:23:36.696+01:00  INFO 13984 --- [g-40-shop] [main] o.apache.catalina.core.StandardEngine    : Starting Servlet engine: [Apache Tomcat/10.1.31]
2024-11-30T12:23:36.766+01:00  INFO 13984 --- [g-40-shop] [main] o.a.c.c.C.[Tomcat].[localhost].[/]       : Initializing Spring embedded WebApplicationContext
2024-11-30T12:23:36.768+01:00  INFO 13984 --- [g-40-shop] [main] w.s.c.ServletWebServerApplicationContext : Root WebApplicationContext: initialization completed in 1608 ms
2024-11-30T12:23:36.898+01:00  INFO 13984 --- [g-40-shop] [main] com.zaxxer.hikari.HikariDataSource       : HikariPool-1 - Starting...
2024-11-30T12:23:37.153+01:00  INFO 13984 --- [g-40-shop] [main] com.zaxxer.hikari.pool.HikariPool        : HikariPool-1 - Added connection org.postgresql.jdbc.PgConnection@7364f68
2024-11-30T12:23:37.155+01:00  INFO 13984 --- [g-40-shop] [main] com.zaxxer.hikari.HikariDataSource       : HikariPool-1 - Start completed.
2024-11-30T12:23:37.407+01:00  INFO 13984 --- [g-40-shop] [main] liquibase.database                       : Set default schema name to public
2024-11-30T12:23:38.119+01:00  INFO 13984 --- [g-40-shop] [main] liquibase.changelog                      : Reading from public.databasechangelog
2024-11-30T12:23:38.196+01:00  INFO 13984 --- [g-40-shop] [main] liquibase.ui                             : Database is up to date, no changesets to execute
2024-11-30T12:23:38.199+01:00  INFO 13984 --- [g-40-shop] [main] liquibase.changelog                      : Reading from public.databasechangelog
2024-11-30T12:23:38.212+01:00  INFO 13984 --- [g-40-shop] [main] liquibase.util                           : UPDATE SUMMARY
2024-11-30T12:23:38.213+01:00  INFO 13984 --- [g-40-shop] [main] liquibase.util                           : Run:                          0
2024-11-30T12:23:38.213+01:00  INFO 13984 --- [g-40-shop] [main] liquibase.util                           : Previously run:               8
2024-11-30T12:23:38.213+01:00  INFO 13984 --- [g-40-shop] [main] liquibase.util                           : Filtered out:                 0
2024-11-30T12:23:38.213+01:00  INFO 13984 --- [g-40-shop] [main] liquibase.util                           : -------------------------------
2024-11-30T12:23:38.214+01:00  INFO 13984 --- [g-40-shop] [main] liquibase.util                           : Total change sets:            8
2024-11-30T12:23:38.216+01:00  INFO 13984 --- [g-40-shop] [main] liquibase.util                           : Update summary generated
2024-11-30T12:23:38.245+01:00  INFO 13984 --- [g-40-shop] [main] liquibase.lockservice                    : Successfully released change log lock
2024-11-30T12:23:38.249+01:00  INFO 13984 --- [g-40-shop] [main] liquibase.command                        : Command execution complete
2024-11-30T12:23:38.376+01:00  INFO 13984 --- [g-40-shop] [main] o.hibernate.jpa.internal.util.LogHelper  : HHH000204: Processing PersistenceUnitInfo [name: default]
2024-11-30T12:23:38.473+01:00  INFO 13984 --- [g-40-shop] [main] org.hibernate.Version                    : HHH000412: Hibernate ORM core version 6.5.3.Final
2024-11-30T12:23:38.528+01:00  INFO 13984 --- [g-40-shop] [main] o.h.c.internal.RegionFactoryInitiator    : HHH000026: Second-level cache disabled
2024-11-30T12:23:38.829+01:00  INFO 13984 --- [g-40-shop] [main] o.s.o.j.p.SpringPersistenceUnitInfo      : No LoadTimeWeaver setup: ignoring JPA class transformer
2024-11-30T12:23:39.724+01:00  INFO 13984 --- [g-40-shop] [main] o.h.e.t.j.p.i.JtaPlatformInitiator       : HHH000489: No JTA platform available (set 'hibernate.transaction.jta.platform' to enable JTA platform integration)
2024-11-30T12:23:39.727+01:00  INFO 13984 --- [g-40-shop] [main] j.LocalContainerEntityManagerFactoryBean : Initialized JPA EntityManagerFactory for persistence unit 'default'
2024-11-30T12:23:40.214+01:00  WARN 13984 --- [g-40-shop] [main] JpaBaseConfiguration$JpaWebConfiguration : spring.jpa.open-in-view is enabled by default. Therefore, database queries may be performed during view rendering. Explicitly configure spring.jpa.open-in-view to disable this warning
2024-11-30T12:23:40.239+01:00  INFO 13984 --- [g-40-shop] [main] r$InitializeUserDetailsManagerConfigurer : Global AuthenticationManager configured with UserDetailsService bean with name userService
2024-11-30T12:23:40.850+01:00  INFO 13984 --- [g-40-shop] [main] o.s.b.w.embedded.tomcat.TomcatWebServer  : Tomcat started on port 8080 (http) with context path '/'
2024-11-30T12:23:40.859+01:00  INFO 13984 --- [g-40-shop] [main] de.ait_tr.g_40_shop.G40ShopApplication   : Started G40ShopApplication in 6.255 seconds (process running for 7.144)
2024-11-30T12:57:34.524+01:00  INFO 13984 --- [g-40-shop] [SpringApplicationShutdownHook] j.LocalContainerEntityManagerFactoryBean : Closing JPA EntityManagerFactory for persistence unit 'default'
2024-11-30T12:57:34.528+01:00  INFO 13984 --- [g-40-shop] [SpringApplicationShutdownHook] com.zaxxer.hikari.HikariDataSource       : HikariPool-1 - Shutdown initiated...
2024-11-30T12:57:34.532+01:00  INFO 13984 --- [g-40-shop] [SpringApplicationShutdownHook] com.zaxxer.hikari.HikariDataSource       : HikariPool-1 - Shutdown completed.
2024-11-30T12:57:42.355+01:00  INFO 21204 --- [g-40-shop] [main] de.ait_tr.g_40_shop.G40ShopApplication   : Starting G40ShopApplication using Java 17.0.5 with PID 21204 (C:\Users\EvgenyJava\g-40-shop\target\classes started by mailf in C:\Users\EvgenyJava\g-40-shop)
2024-11-30T12:57:42.358+01:00  INFO 21204 --- [g-40-shop] [main] de.ait_tr.g_40_shop.G40ShopApplication   : No active profile set, falling back to 1 default profile: "default"
2024-11-30T12:57:43.577+01:00  INFO 21204 --- [g-40-shop] [main] .s.d.r.c.RepositoryConfigurationDelegate : Bootstrapping Spring Data JPA repositories in DEFAULT mode.
2024-11-30T12:57:43.673+01:00  INFO 21204 --- [g-40-shop] [main] .s.d.r.c.RepositoryConfigurationDelegate : Finished Spring Data repository scanning in 86 ms. Found 3 JPA repository interfaces.
2024-11-30T12:57:44.492+01:00  INFO 21204 --- [g-40-shop] [main] o.s.b.w.embedded.tomcat.TomcatWebServer  : Tomcat initialized with port 8080 (http)
2024-11-30T12:57:44.512+01:00  INFO 21204 --- [g-40-shop] [main] o.apache.catalina.core.StandardService   : Starting service [Tomcat]
2024-11-30T12:57:44.513+01:00  INFO 21204 --- [g-40-shop] [main] o.apache.catalina.core.StandardEngine    : Starting Servlet engine: [Apache Tomcat/10.1.31]
2024-11-30T12:57:44.613+01:00  INFO 21204 --- [g-40-shop] [main] o.a.c.c.C.[Tomcat].[localhost].[/]       : Initializing Spring embedded WebApplicationContext
2024-11-30T12:57:44.613+01:00  INFO 21204 --- [g-40-shop] [main] w.s.c.ServletWebServerApplicationContext : Root WebApplicationContext: initialization completed in 2190 ms
2024-11-30T12:57:44.812+01:00  INFO 21204 --- [g-40-shop] [main] com.zaxxer.hikari.HikariDataSource       : HikariPool-1 - Starting...
2024-11-30T12:57:45.111+01:00  INFO 21204 --- [g-40-shop] [main] com.zaxxer.hikari.pool.HikariPool        : HikariPool-1 - Added connection org.postgresql.jdbc.PgConnection@79ca7bea
2024-11-30T12:57:45.113+01:00  INFO 21204 --- [g-40-shop] [main] com.zaxxer.hikari.HikariDataSource       : HikariPool-1 - Start completed.
2024-11-30T12:57:45.343+01:00  INFO 21204 --- [g-40-shop] [main] liquibase.database                       : Set default schema name to public
2024-11-30T12:57:46.111+01:00  INFO 21204 --- [g-40-shop] [main] liquibase.changelog                      : Reading from public.databasechangelog
2024-11-30T12:57:46.173+01:00  INFO 21204 --- [g-40-shop] [main] liquibase.ui                             : Database is up to date, no changesets to execute
2024-11-30T12:57:46.176+01:00  INFO 21204 --- [g-40-shop] [main] liquibase.changelog                      : Reading from public.databasechangelog
2024-11-30T12:57:46.187+01:00  INFO 21204 --- [g-40-shop] [main] liquibase.util                           : UPDATE SUMMARY
2024-11-30T12:57:46.187+01:00  INFO 21204 --- [g-40-shop] [main] liquibase.util                           : Run:                          0
2024-11-30T12:57:46.187+01:00  INFO 21204 --- [g-40-shop] [main] liquibase.util                           : Previously run:               8
2024-11-30T12:57:46.188+01:00  INFO 21204 --- [g-40-shop] [main] liquibase.util                           : Filtered out:                 0
2024-11-30T12:57:46.188+01:00  INFO 21204 --- [g-40-shop] [main] liquibase.util                           : -------------------------------
2024-11-30T12:57:46.188+01:00  INFO 21204 --- [g-40-shop] [main] liquibase.util                           : Total change sets:            8
2024-11-30T12:57:46.189+01:00  INFO 21204 --- [g-40-shop] [main] liquibase.util                           : Update summary generated
2024-11-30T12:57:46.223+01:00  INFO 21204 --- [g-40-shop] [main] liquibase.lockservice                    : Successfully released change log lock
2024-11-30T12:57:46.226+01:00  INFO 21204 --- [g-40-shop] [main] liquibase.command                        : Command execution complete
2024-11-30T12:57:46.345+01:00  INFO 21204 --- [g-40-shop] [main] o.hibernate.jpa.internal.util.LogHelper  : HHH000204: Processing PersistenceUnitInfo [name: default]
2024-11-30T12:57:46.421+01:00  INFO 21204 --- [g-40-shop] [main] org.hibernate.Version                    : HHH000412: Hibernate ORM core version 6.5.3.Final
2024-11-30T12:57:46.470+01:00  INFO 21204 --- [g-40-shop] [main] o.h.c.internal.RegionFactoryInitiator    : HHH000026: Second-level cache disabled
2024-11-30T12:57:46.798+01:00  INFO 21204 --- [g-40-shop] [main] o.s.o.j.p.SpringPersistenceUnitInfo      : No LoadTimeWeaver setup: ignoring JPA class transformer
2024-11-30T12:57:47.911+01:00  INFO 21204 --- [g-40-shop] [main] o.h.e.t.j.p.i.JtaPlatformInitiator       : HHH000489: No JTA platform available (set 'hibernate.transaction.jta.platform' to enable JTA platform integration)
2024-11-30T12:57:47.915+01:00  INFO 21204 --- [g-40-shop] [main] j.LocalContainerEntityManagerFactoryBean : Initialized JPA EntityManagerFactory for persistence unit 'default'
2024-11-30T12:57:48.472+01:00  WARN 21204 --- [g-40-shop] [main] JpaBaseConfiguration$JpaWebConfiguration : spring.jpa.open-in-view is enabled by default. Therefore, database queries may be performed during view rendering. Explicitly configure spring.jpa.open-in-view to disable this warning
2024-11-30T12:57:48.504+01:00  INFO 21204 --- [g-40-shop] [main] r$InitializeUserDetailsManagerConfigurer : Global AuthenticationManager configured with UserDetailsService bean with name userService
2024-11-30T12:57:49.711+01:00  INFO 21204 --- [g-40-shop] [main] o.s.b.w.embedded.tomcat.TomcatWebServer  : Tomcat started on port 8080 (http) with context path '/'
2024-11-30T12:57:49.736+01:00  INFO 21204 --- [g-40-shop] [main] de.ait_tr.g_40_shop.G40ShopApplication   : Started G40ShopApplication in 8.067 seconds (process running for 8.916)
2024-11-30T13:01:08.402+01:00  INFO 21204 --- [g-40-shop] [SpringApplicationShutdownHook] j.LocalContainerEntityManagerFactoryBean : Closing JPA EntityManagerFactory for persistence unit 'default'
2024-11-30T13:01:08.405+01:00  INFO 21204 --- [g-40-shop] [SpringApplicationShutdownHook] com.zaxxer.hikari.HikariDataSource       : HikariPool-1 - Shutdown initiated...
2024-11-30T13:01:08.408+01:00  INFO 21204 --- [g-40-shop] [SpringApplicationShutdownHook] com.zaxxer.hikari.HikariDataSource       : HikariPool-1 - Shutdown completed.
2024-11-30T13:01:13.961+01:00  INFO 25688 --- [g-40-shop] [main] de.ait_tr.g_40_shop.G40ShopApplication   : Starting G40ShopApplication using Java 17.0.5 with PID 25688 (C:\Users\EvgenyJava\g-40-shop\target\classes started by mailf in C:\Users\EvgenyJava\g-40-shop)
2024-11-30T13:01:13.966+01:00  INFO 25688 --- [g-40-shop] [main] de.ait_tr.g_40_shop.G40ShopApplication   : No active profile set, falling back to 1 default profile: "default"
2024-11-30T13:01:14.839+01:00  INFO 25688 --- [g-40-shop] [main] .s.d.r.c.RepositoryConfigurationDelegate : Bootstrapping Spring Data JPA repositories in DEFAULT mode.
2024-11-30T13:01:14.902+01:00  INFO 25688 --- [g-40-shop] [main] .s.d.r.c.RepositoryConfigurationDelegate : Finished Spring Data repository scanning in 58 ms. Found 3 JPA repository interfaces.
2024-11-30T13:01:15.450+01:00  INFO 25688 --- [g-40-shop] [main] o.s.b.w.embedded.tomcat.TomcatWebServer  : Tomcat initialized with port 8080 (http)
2024-11-30T13:01:15.461+01:00  INFO 25688 --- [g-40-shop] [main] o.apache.catalina.core.StandardService   : Starting service [Tomcat]
2024-11-30T13:01:15.461+01:00  INFO 25688 --- [g-40-shop] [main] o.apache.catalina.core.StandardEngine    : Starting Servlet engine: [Apache Tomcat/10.1.31]
2024-11-30T13:01:15.528+01:00  INFO 25688 --- [g-40-shop] [main] o.a.c.c.C.[Tomcat].[localhost].[/]       : Initializing Spring embedded WebApplicationContext
2024-11-30T13:01:15.529+01:00  INFO 25688 --- [g-40-shop] [main] w.s.c.ServletWebServerApplicationContext : Root WebApplicationContext: initialization completed in 1497 ms
2024-11-30T13:01:15.641+01:00  INFO 25688 --- [g-40-shop] [main] com.zaxxer.hikari.HikariDataSource       : HikariPool-1 - Starting...
2024-11-30T13:01:15.821+01:00  INFO 25688 --- [g-40-shop] [main] com.zaxxer.hikari.pool.HikariPool        : HikariPool-1 - Added connection org.postgresql.jdbc.PgConnection@7ea42c82
2024-11-30T13:01:15.823+01:00  INFO 25688 --- [g-40-shop] [main] com.zaxxer.hikari.HikariDataSource       : HikariPool-1 - Start completed.
2024-11-30T13:01:15.996+01:00  INFO 25688 --- [g-40-shop] [main] liquibase.database                       : Set default schema name to public
2024-11-30T13:01:16.533+01:00  INFO 25688 --- [g-40-shop] [main] liquibase.changelog                      : Reading from public.databasechangelog
2024-11-30T13:01:16.577+01:00  INFO 25688 --- [g-40-shop] [main] liquibase.ui                             : Database is up to date, no changesets to execute
2024-11-30T13:01:16.579+01:00  INFO 25688 --- [g-40-shop] [main] liquibase.changelog                      : Reading from public.databasechangelog
2024-11-30T13:01:16.588+01:00  INFO 25688 --- [g-40-shop] [main] liquibase.util                           : UPDATE SUMMARY
2024-11-30T13:01:16.589+01:00  INFO 25688 --- [g-40-shop] [main] liquibase.util                           : Run:                          0
2024-11-30T13:01:16.589+01:00  INFO 25688 --- [g-40-shop] [main] liquibase.util                           : Previously run:               8
2024-11-30T13:01:16.589+01:00  INFO 25688 --- [g-40-shop] [main] liquibase.util                           : Filtered out:                 0
2024-11-30T13:01:16.589+01:00  INFO 25688 --- [g-40-shop] [main] liquibase.util                           : -------------------------------
2024-11-30T13:01:16.589+01:00  INFO 25688 --- [g-40-shop] [main] liquibase.util                           : Total change sets:            8
2024-11-30T13:01:16.590+01:00  INFO 25688 --- [g-40-shop] [main] liquibase.util                           : Update summary generated
2024-11-30T13:01:16.611+01:00  INFO 25688 --- [g-40-shop] [main] liquibase.lockservice                    : Successfully released change log lock
2024-11-30T13:01:16.613+01:00  INFO 25688 --- [g-40-shop] [main] liquibase.command                        : Command execution complete
2024-11-30T13:01:16.697+01:00  INFO 25688 --- [g-40-shop] [main] o.hibernate.jpa.internal.util.LogHelper  : HHH000204: Processing PersistenceUnitInfo [name: default]
2024-11-30T13:01:16.770+01:00  INFO 25688 --- [g-40-shop] [main] org.hibernate.Version                    : HHH000412: Hibernate ORM core version 6.5.3.Final
2024-11-30T13:01:16.821+01:00  INFO 25688 --- [g-40-shop] [main] o.h.c.internal.RegionFactoryInitiator    : HHH000026: Second-level cache disabled
2024-11-30T13:01:17.089+01:00  INFO 25688 --- [g-40-shop] [main] o.s.o.j.p.SpringPersistenceUnitInfo      : No LoadTimeWeaver setup: ignoring JPA class transformer
2024-11-30T13:01:18.326+01:00  INFO 25688 --- [g-40-shop] [main] o.h.e.t.j.p.i.JtaPlatformInitiator       : HHH000489: No JTA platform available (set 'hibernate.transaction.jta.platform' to enable JTA platform integration)
2024-11-30T13:01:18.329+01:00  INFO 25688 --- [g-40-shop] [main] j.LocalContainerEntityManagerFactoryBean : Initialized JPA EntityManagerFactory for persistence unit 'default'
2024-11-30T13:01:18.838+01:00  WARN 25688 --- [g-40-shop] [main] JpaBaseConfiguration$JpaWebConfiguration : spring.jpa.open-in-view is enabled by default. Therefore, database queries may be performed during view rendering. Explicitly configure spring.jpa.open-in-view to disable this warning
2024-11-30T13:01:18.869+01:00  INFO 25688 --- [g-40-shop] [main] r$InitializeUserDetailsManagerConfigurer : Global AuthenticationManager configured with UserDetailsService bean with name userService
2024-11-30T13:01:19.634+01:00  INFO 25688 --- [g-40-shop] [main] o.s.b.w.embedded.tomcat.TomcatWebServer  : Tomcat started on port 8080 (http) with context path '/'
2024-11-30T13:01:19.648+01:00  INFO 25688 --- [g-40-shop] [main] de.ait_tr.g_40_shop.G40ShopApplication   : Started G40ShopApplication in 6.187 seconds (process running for 6.821)
2024-11-30T13:01:29.282+01:00  INFO 25688 --- [g-40-shop] [http-nio-8080-exec-3] o.a.c.c.C.[Tomcat].[localhost].[/]       : Initializing Spring DispatcherServlet 'dispatcherServlet'
2024-11-30T13:01:29.282+01:00  INFO 25688 --- [g-40-shop] [http-nio-8080-exec-3] o.s.web.servlet.DispatcherServlet        : Initializing Servlet 'dispatcherServlet'
2024-11-30T13:01:29.283+01:00  INFO 25688 --- [g-40-shop] [http-nio-8080-exec-3] o.s.web.servlet.DispatcherServlet        : Completed initialization in 1 ms
2024-11-30T13:01:29.331+01:00  INFO 25688 --- [g-40-shop] [http-nio-8080-exec-3] d.a.g.service.ProductServiceImpl         : Method getById called with id = 3
2024-11-30T13:01:29.331+01:00  WARN 25688 --- [g-40-shop] [http-nio-8080-exec-3] d.a.g.service.ProductServiceImpl         : Method getById called with id = 3
2024-11-30T13:01:29.331+01:00 ERROR 25688 --- [g-40-shop] [http-nio-8080-exec-3] d.a.g.service.ProductServiceImpl         : Method getById called with id = 3
2024-11-30T13:14:15.357+01:00  WARN 25688 --- [g-40-shop] [HikariPool-1 housekeeper] com.zaxxer.hikari.pool.HikariPool        : HikariPool-1 - Thread starvation or clock leap detected (housekeeper delta=3m29s304ms82µs500ns).
2024-11-30T13:46:22.693+01:00  INFO 25688 --- [g-40-shop] [SpringApplicationShutdownHook] j.LocalContainerEntityManagerFactoryBean : Closing JPA EntityManagerFactory for persistence unit 'default'
2024-11-30T13:46:22.711+01:00  INFO 25688 --- [g-40-shop] [SpringApplicationShutdownHook] com.zaxxer.hikari.HikariDataSource       : HikariPool-1 - Shutdown initiated...
2024-11-30T13:46:22.717+01:00  INFO 25688 --- [g-40-shop] [SpringApplicationShutdownHook] com.zaxxer.hikari.HikariDataSource       : HikariPool-1 - Shutdown completed.
